<?xml version="1.0" encoding="UTF-8"?>
<!-- Generated by org.testng.reporters.JUnitXMLReporter -->
<testsuite ignored="0" hostname="Shubham" failures="0" tests="3" name="Default test" time="32.254" errors="0" timestamp="2023-02-01T13:53:28 IST">
  <testcase classname="test.AddVehicleExpensesTest" name="addVehicleExpensesOnChrome" time="11.536"/>
  <testcase classname="test.AddVehicleExpensesTest" name="addVehicleExpensesOnFirefox" time="11.532"/>
  <testcase classname="test.AddVehicleExpensesTest" name="addVehicleExpensesOnEdge" time="8.256"/>
</testsuite> <!-- Default test -->
